1721495653015:add Борис Бритва 32
1721495682872:add Venyamin patriarch 11
1721495685844:show
1721495899159:add Гей ГЕй 44
1721495912673:show
1721509625912:add Персик Персикович 22
1721509682400:Персик Персикович 22
1721509708150:add Персик Персикович 22
1721510079535:add Petr Petrovich 22
1721510110998:add Semen semenovich 33
1721510156472:show
1721510177462:remove 9062
1721510180460:show
1721510184543:clear
1721510189168:show
1721510202990:clear
1721510209806:show
1721510290669:cle
1721510293829:clear
1721510296441:show
1721510398883:remove 7864
1721510403239:show
1721511115246:add dfghdfgdf sdfgdf 23
1721511125583:add rdrgrd eryrty 44
1721511128096:show
1721511135839:clear
1721511140601:show
1721511225140:clear
1721511408969:off
1721511503417:clearlist
1721511514077:add sdfsd sdfgsdg 23
1721511516877:show
1721511521861:clearlist
1721511525474:show
1721512102448:instruction
1721512165070:add dfgf dfg dgrgdgdh h hdhf
1721565188487:add dfgfd dfhdf dfhdfhdfh dfhdhdfh
1721565252384:add 1111 2222 333
1721565647309:add sdgsd g dgsdg sdfg sd
1721565797754:remove 34534
1721565821976:add 333 555 333
1721565834675:add THere three 333
1721565850462:remove 4343
1721565908384:remove 7580
1721565911391:show
1721565919559:instruction
1721580072522:show
1721580080086:add sdf s 11
1721580095107:instruction
1721580130307:clearlist
1721580134734:show
1721590956084:add regt  ertgre 23
1721591049796:add stas stas 23
